  
  D:\Documents_WD\GitHub\query-g-library\query-g-library\query-g-library>"C:\Program Files\NVIDIA GPU Computing Toolkit\CUDA\v8.0\bin\nvcc.exe" -ccbin "C:\Program Files (x86)\Microsoft Visual Studio 14.0\VC\bin\x86_amd64"  -I"C:\Program Files\NVIDIA GPU Computing Toolkit\CUDA\v8.0\include" -I"C:\Program Files\NVIDIA GPU Computing Toolkit\CUDA\v8.0\include"  -G   --keep-dir x64\Debug -maxrregcount=0  --machine 64 --compile   -g   -D_DEBUG -D_LIB -D_UNICODE -DUNICODE -Xcompiler "/EHsc /W3 /nologo /Od /FS /Zi /RTC1 /MDd " -o x64\Debug\query-g-libraray.cu.obj "D:\Documents_WD\GitHub\query-g-library\query-g-library\query-g-library\query-g-libraray.cu" -clean 
CUDACOMPILE : nvcc warning : The 'compute_20', 'sm_20', and 'sm_21' architectures are deprecated, and may be removed in a future release (Use -Wno-deprecated-gpu-targets to suppress warning).
  query-g-libraray.cu
  Compiling CUDA source file query-g-libraray.cu...
  
  D:\Documents_WD\GitHub\query-g-library\query-g-library\query-g-library>"C:\Program Files\NVIDIA GPU Computing Toolkit\CUDA\v8.0\bin\nvcc.exe" -gencode=arch=compute_20,code=\"sm_20,compute_20\" --use-local-env --cl-version 2015 -ccbin "C:\Program Files (x86)\Microsoft Visual Studio 14.0\VC\bin\x86_amd64"  -I"C:\Program Files\NVIDIA GPU Computing Toolkit\CUDA\v8.0\include" -I"C:\Program Files\NVIDIA GPU Computing Toolkit\CUDA\v8.0\include"  -G   --keep-dir x64\Debug -maxrregcount=0  --machine 64 --compile -cudart static  -g   -D_DEBUG -D_LIB -D_UNICODE -DUNICODE -Xcompiler "/EHsc /W3 /nologo /Od /FS /Zi /RTC1 /MDd " -o x64\Debug\query-g-libraray.cu.obj "D:\Documents_WD\GitHub\query-g-library\query-g-library\query-g-library\query-g-libraray.cu" 
D:/Documents_WD/GitHub/query-g-library/query-g-library/query-g-library/query-g-libraray.cu(233): warning : variable "i" was declared but never referenced
D:/Documents_WD/GitHub/query-g-library/query-g-library/query-g-library/query-g-libraray.cu(233): warning : variable "i" was declared but never referenced
CUDACOMPILE : nvcc warning : The 'compute_20', 'sm_20', and 'sm_21' architectures are deprecated, and may be removed in a future release (Use -Wno-deprecated-gpu-targets to suppress warning).
  query-g-libraray.cu
D:/Documents_WD/GitHub/query-g-library/query-g-library/query-g-library/query-g-libraray.cu(294): warning C4244: 'initializing': conversion from 'float' to 'int', possible loss of data
D:/Documents_WD/GitHub/query-g-library/query-g-library/query-g-library/query-g-libraray.cu(233): warning C4101: 'i': unreferenced local variable
D:/Documents_WD/GitHub/query-g-library/query-g-library/query-g-library/query-g-libraray.cu(388): warning C4244: 'initializing': conversion from 'float' to 'int', possible loss of data
  book.cpp
d:\documents_wd\github\query-g-library\query-g-library\query-g-library\book.cpp(13): warning C4996: 'strcpy': This function or variable may be unsafe. Consider using strcpy_s instead. To disable deprecation, use _CRT_SECURE_NO_WARNINGS. See online help for details.
  c:\program files (x86)\windows kits\10\include\10.0.10240.0\ucrt\string.h(119): note: see declaration of 'strcpy'
d:\documents_wd\github\query-g-library\query-g-library\query-g-library\book.cpp(47): warning C4996: 'strcpy': This function or variable may be unsafe. Consider using strcpy_s instead. To disable deprecation, use _CRT_SECURE_NO_WARNINGS. See online help for details.
  c:\program files (x86)\windows kits\10\include\10.0.10240.0\ucrt\string.h(119): note: see declaration of 'strcpy'
  Author.cpp
d:\documents_wd\github\query-g-library\query-g-library\query-g-library\author.cpp(12): warning C4996: 'strcpy': This function or variable may be unsafe. Consider using strcpy_s instead. To disable deprecation, use _CRT_SECURE_NO_WARNINGS. See online help for details.
  c:\program files (x86)\windows kits\10\include\10.0.10240.0\ucrt\string.h(119): note: see declaration of 'strcpy'
d:\documents_wd\github\query-g-library\query-g-library\query-g-library\author.cpp(13): warning C4996: 'strcpy': This function or variable may be unsafe. Consider using strcpy_s instead. To disable deprecation, use _CRT_SECURE_NO_WARNINGS. See online help for details.
  c:\program files (x86)\windows kits\10\include\10.0.10240.0\ucrt\string.h(119): note: see declaration of 'strcpy'
  author-book.cpp
d:\documents_wd\github\query-g-library\query-g-library\query-g-library\author-book.cpp(10): warning C4996: 'strcpy': This function or variable may be unsafe. Consider using strcpy_s instead. To disable deprecation, use _CRT_SECURE_NO_WARNINGS. See online help for details.
  c:\program files (x86)\windows kits\10\include\10.0.10240.0\ucrt\string.h(119): note: see declaration of 'strcpy'
d:\documents_wd\github\query-g-library\query-g-library\query-g-library\author-book.cpp(11): warning C4996: 'strcpy': This function or variable may be unsafe. Consider using strcpy_s instead. To disable deprecation, use _CRT_SECURE_NO_WARNINGS. See online help for details.
  c:\program files (x86)\windows kits\10\include\10.0.10240.0\ucrt\string.h(119): note: see declaration of 'strcpy'
d:\documents_wd\github\query-g-library\query-g-library\query-g-library\author-book.cpp(17): warning C4996: 'strcpy': This function or variable may be unsafe. Consider using strcpy_s instead. To disable deprecation, use _CRT_SECURE_NO_WARNINGS. See online help for details.
  c:\program files (x86)\windows kits\10\include\10.0.10240.0\ucrt\string.h(119): note: see declaration of 'strcpy'
  Generating Code...
  query-g-library.vcxproj -> D:\Documents_WD\GitHub\query-g-library\query-g-library\x64\Debug\query-g-library.lib
